{"C:\\projects\\VolunteeringApp\\backend\\src\\app.ts": {"path":"C:\\projects\\VolunteeringApp\\backend\\src\\app.ts","statementMap":{"0":{"start":{"line":1,"column":0},"end":{"line":1,"column":30}},"1":{"start":{"line":2,"column":0},"end":{"line":2,"column":32}},"2":{"start":{"line":3,"column":0},"end":{"line":3,"column":25}},"3":{"start":{"line":4,"column":0},"end":{"line":4,"column":37}},"4":{"start":{"line":6,"column":0},"end":{"line":6,"column":13}},"5":{"start":{"line":8,"column":0},"end":{"line":8,"column":44}},"6":{"start":{"line":9,"column":0},"end":{"line":9,"column":52}},"7":{"start":{"line":12,"column":16},"end":{"line":26,"column":2}},"8":{"start":{"line":12,"column":26},"end":{"line":26,"column":2}},"9":{"start":{"line":13,"column":2},"end":{"line":13,"column":51}},"10":{"start":{"line":14,"column":13},"end":{"line":14,"column":32}},"11":{"start":{"line":15,"column":2},"end":{"line":15,"column":50}},"12":{"start":{"line":15,"column":27},"end":{"line":15,"column":48}},"13":{"start":{"line":16,"column":2},"end":{"line":16,"column":60}},"14":{"start":{"line":16,"column":24},"end":{"line":16,"column":58}},"15":{"start":{"line":18,"column":14},"end":{"line":18,"column":23}},"16":{"start":{"line":19,"column":2},"end":{"line":19,"column":53}},"17":{"start":{"line":20,"column":2},"end":{"line":20,"column":29}},"18":{"start":{"line":22,"column":2},"end":{"line":22,"column":21}},"19":{"start":{"line":23,"column":2},"end":{"line":23,"column":null}},"20":{"start":{"line":25,"column":2},"end":{"line":25,"column":13}},"21":{"start":{"line":29,"column":0},"end":{"line":29,"column":23}}},"fnMap":{"0":{"name":"(anonymous_8)","decl":{"start":{"line":12,"column":16},"end":{"line":12,"column":24}},"loc":{"start":{"line":12,"column":26},"end":{"line":26,"column":2}}},"1":{"name":"(anonymous_9)","decl":{"start":{"line":12,"column":26},"end":{"line":12,"column":null}},"loc":{"start":{"line":12,"column":26},"end":{"line":26,"column":1}}},"2":{"name":"(anonymous_10)","decl":{"start":{"line":15,"column":17},"end":{"line":15,"column":22}},"loc":{"start":{"line":15,"column":25},"end":{"line":15,"column":48}}},"3":{"name":"(anonymous_11)","decl":{"start":{"line":16,"column":18},"end":{"line":16,"column":21}},"loc":{"start":{"line":16,"column":24},"end":{"line":16,"column":58}}}},"branchMap":{},"s":{"0":1,"1":1,"2":1,"3":1,"4":1,"5":1,"6":1,"7":1,"8":1,"9":1,"10":1,"11":1,"12":0,"13":1,"14":0,"15":1,"16":1,"17":1,"18":1,"19":1,"20":1,"21":1},"f":{"0":1,"1":1,"2":0,"3":0},"b":{}}
,"C:\\projects\\VolunteeringApp\\backend\\src\\controllers\\comment_controller.ts": {"path":"C:\\projects\\VolunteeringApp\\backend\\src\\controllers\\comment_controller.ts","statementMap":{"0":{"start":{"line":1,"column":0},"end":{"line":1,"column":46}},"1":{"start":{"line":2,"column":0},"end":{"line":2,"column":40}},"2":{"start":{"line":12,"column":24},"end":{"line":19,"column":2}},"3":{"start":{"line":12,"column":66},"end":{"line":19,"column":2}},"4":{"start":{"line":13,"column":18},"end":{"line":13,"column":22}},"5":{"start":{"line":16,"column":17},"end":{"line":16,"column":65}},"6":{"start":{"line":17,"column":4},"end":{"line":17,"column":32}},"7":{"start":{"line":17,"column":16},"end":{"line":17,"column":32}},"8":{"start":{"line":18,"column":4},"end":{"line":18,"column":19}},"9":{"start":{"line":21,"column":19},"end":{"line":30,"column":2}},"10":{"start":{"line":21,"column":57},"end":{"line":30,"column":2}},"11":{"start":{"line":22,"column":4},"end":{"line":29,"column":5}},"12":{"start":{"line":23,"column":8},"end":{"line":23,"column":124}},"13":{"start":{"line":23,"column":57},"end":{"line":23,"column":124}},"14":{"start":{"line":24,"column":24},"end":{"line":24,"column":45}},"15":{"start":{"line":25,"column":8},"end":{"line":25,"column":29}},"16":{"start":{"line":26,"column":8},"end":{"line":26,"column":38}},"17":{"start":{"line":28,"column":8},"end":{"line":28,"column":57}},"18":{"start":{"line":32,"column":23},"end":{"line":39,"column":2}},"19":{"start":{"line":32,"column":61},"end":{"line":39,"column":2}},"20":{"start":{"line":33,"column":4},"end":{"line":37,"column":5}},"21":{"start":{"line":34,"column":8},"end":{"line":34,"column":51}},"22":{"start":{"line":36,"column":8},"end":{"line":36,"column":53}},"23":{"start":{"line":41,"column":22},"end":{"line":48,"column":2}},"24":{"start":{"line":41,"column":59},"end":{"line":48,"column":2}},"25":{"start":{"line":42,"column":4},"end":{"line":47,"column":5}},"26":{"start":{"line":43,"column":8},"end":{"line":43,"column":61}},"27":{"start":{"line":44,"column":8},"end":{"line":44,"column":53}},"28":{"start":{"line":46,"column":8},"end":{"line":46,"column":55}},"29":{"start":{"line":50,"column":20},"end":{"line":59,"column":2}},"30":{"start":{"line":50,"column":57},"end":{"line":59,"column":2}},"31":{"start":{"line":51,"column":4},"end":{"line":58,"column":5}},"32":{"start":{"line":53,"column":8},"end":{"line":54,"column":96}},"33":{"start":{"line":54,"column":12},"end":{"line":54,"column":96}},"34":{"start":{"line":55,"column":8},"end":{"line":55,"column":53}},"35":{"start":{"line":57,"column":8},"end":{"line":57,"column":55}},"36":{"start":{"line":61,"column":0},"end":{"line":61,"column":null}}},"fnMap":{"0":{"name":"(anonymous_8)","decl":{"start":{"line":12,"column":24},"end":{"line":12,"column":30}},"loc":{"start":{"line":12,"column":66},"end":{"line":19,"column":2}}},"1":{"name":"(anonymous_9)","decl":{"start":{"line":12,"column":66},"end":{"line":12,"column":null}},"loc":{"start":{"line":12,"column":66},"end":{"line":19,"column":1}}},"2":{"name":"(anonymous_10)","decl":{"start":{"line":21,"column":19},"end":{"line":21,"column":26}},"loc":{"start":{"line":21,"column":57},"end":{"line":30,"column":2}}},"3":{"name":"(anonymous_11)","decl":{"start":{"line":21,"column":57},"end":{"line":21,"column":null}},"loc":{"start":{"line":21,"column":57},"end":{"line":30,"column":1}}},"4":{"name":"(anonymous_12)","decl":{"start":{"line":32,"column":23},"end":{"line":32,"column":30}},"loc":{"start":{"line":32,"column":61},"end":{"line":39,"column":2}}},"5":{"name":"(anonymous_13)","decl":{"start":{"line":32,"column":61},"end":{"line":32,"column":null}},"loc":{"start":{"line":32,"column":61},"end":{"line":39,"column":1}}},"6":{"name":"(anonymous_14)","decl":{"start":{"line":41,"column":22},"end":{"line":41,"column":28}},"loc":{"start":{"line":41,"column":59},"end":{"line":48,"column":2}}},"7":{"name":"(anonymous_15)","decl":{"start":{"line":41,"column":59},"end":{"line":41,"column":null}},"loc":{"start":{"line":41,"column":59},"end":{"line":48,"column":1}}},"8":{"name":"(anonymous_16)","decl":{"start":{"line":50,"column":20},"end":{"line":50,"column":26}},"loc":{"start":{"line":50,"column":57},"end":{"line":59,"column":2}}},"9":{"name":"(anonymous_17)","decl":{"start":{"line":50,"column":57},"end":{"line":50,"column":null}},"loc":{"start":{"line":50,"column":57},"end":{"line":59,"column":1}}}},"branchMap":{"0":{"loc":{"start":{"line":17,"column":4},"end":{"line":17,"column":32}},"type":"if","locations":[{"start":{"line":17,"column":4},"end":{"line":17,"column":32}}]},"1":{"loc":{"start":{"line":23,"column":8},"end":{"line":23,"column":124}},"type":"if","locations":[{"start":{"line":23,"column":8},"end":{"line":23,"column":124}}]},"2":{"loc":{"start":{"line":53,"column":8},"end":{"line":54,"column":96}},"type":"if","locations":[{"start":{"line":53,"column":8},"end":{"line":54,"column":96}}]}},"s":{"0":1,"1":1,"2":1,"3":1,"4":1,"5":1,"6":1,"7":1,"8":1,"9":1,"10":1,"11":1,"12":1,"13":0,"14":1,"15":1,"16":1,"17":0,"18":1,"19":4,"20":4,"21":4,"22":0,"23":1,"24":1,"25":1,"26":1,"27":1,"28":0,"29":1,"30":1,"31":1,"32":1,"33":1,"34":1,"35":0,"36":1},"f":{"0":1,"1":1,"2":1,"3":1,"4":4,"5":4,"6":1,"7":1,"8":1,"9":1},"b":{"0":[1],"1":[0],"2":[1]}}
,"C:\\projects\\VolunteeringApp\\backend\\src\\controllers\\user_controller.ts": {"path":"C:\\projects\\VolunteeringApp\\backend\\src\\controllers\\user_controller.ts","statementMap":{"0":{"start":{"line":1,"column":0},"end":{"line":1,"column":40}},"1":{"start":{"line":3,"column":20},"end":{"line":21,"column":2}},"2":{"start":{"line":3,"column":39},"end":{"line":21,"column":2}},"3":{"start":{"line":4,"column":4},"end":{"line":4,"column":31}},"4":{"start":{"line":5,"column":4},"end":{"line":19,"column":5}},"5":{"start":{"line":7,"column":8},"end":{"line":15,"column":9}},"6":{"start":{"line":8,"column":12},"end":{"line":8,"column":64}},"7":{"start":{"line":10,"column":13},"end":{"line":15,"column":9}},"8":{"start":{"line":11,"column":12},"end":{"line":11,"column":62}},"9":{"start":{"line":14,"column":12},"end":{"line":14,"column":38}},"10":{"start":{"line":16,"column":8},"end":{"line":16,"column":24}},"11":{"start":{"line":18,"column":8},"end":{"line":18,"column":55}},"12":{"start":{"line":23,"column":20},"end":{"line":25,"column":1}},"13":{"start":{"line":24,"column":4},"end":{"line":24,"column":49}},"14":{"start":{"line":27,"column":17},"end":{"line":37,"column":2}},"15":{"start":{"line":27,"column":36},"end":{"line":37,"column":2}},"16":{"start":{"line":28,"column":4},"end":{"line":28,"column":41}},"17":{"start":{"line":29,"column":17},"end":{"line":29,"column":35}},"18":{"start":{"line":30,"column":4},"end":{"line":36,"column":5}},"19":{"start":{"line":31,"column":8},"end":{"line":31,"column":26}},"20":{"start":{"line":32,"column":8},"end":{"line":32,"column":23}},"21":{"start":{"line":34,"column":8},"end":{"line":34,"column":25}},"22":{"start":{"line":35,"column":8},"end":{"line":35,"column":41}},"23":{"start":{"line":39,"column":20},"end":{"line":41,"column":1}},"24":{"start":{"line":40,"column":4},"end":{"line":40,"column":49}},"25":{"start":{"line":43,"column":23},"end":{"line":45,"column":1}},"26":{"start":{"line":44,"column":4},"end":{"line":44,"column":52}},"27":{"start":{"line":47,"column":0},"end":{"line":47,"column":83}}},"fnMap":{"0":{"name":"(anonymous_8)","decl":{"start":{"line":3,"column":20},"end":{"line":3,"column":27}},"loc":{"start":{"line":3,"column":39},"end":{"line":21,"column":2}}},"1":{"name":"(anonymous_9)","decl":{"start":{"line":3,"column":39},"end":{"line":3,"column":null}},"loc":{"start":{"line":3,"column":39},"end":{"line":21,"column":1}}},"2":{"name":"(anonymous_10)","decl":{"start":{"line":23,"column":20},"end":{"line":23,"column":21}},"loc":{"start":{"line":23,"column":33},"end":{"line":25,"column":1}}},"3":{"name":"(anonymous_11)","decl":{"start":{"line":27,"column":17},"end":{"line":27,"column":24}},"loc":{"start":{"line":27,"column":36},"end":{"line":37,"column":2}}},"4":{"name":"(anonymous_12)","decl":{"start":{"line":27,"column":36},"end":{"line":27,"column":null}},"loc":{"start":{"line":27,"column":36},"end":{"line":37,"column":1}}},"5":{"name":"(anonymous_13)","decl":{"start":{"line":39,"column":20},"end":{"line":39,"column":21}},"loc":{"start":{"line":39,"column":33},"end":{"line":41,"column":1}}},"6":{"name":"(anonymous_14)","decl":{"start":{"line":43,"column":23},"end":{"line":43,"column":24}},"loc":{"start":{"line":43,"column":36},"end":{"line":45,"column":1}}}},"branchMap":{"0":{"loc":{"start":{"line":7,"column":8},"end":{"line":15,"column":9}},"type":"if","locations":[{"start":{"line":7,"column":8},"end":{"line":15,"column":9}},{"start":{"line":10,"column":13},"end":{"line":15,"column":9}}]},"1":{"loc":{"start":{"line":10,"column":13},"end":{"line":15,"column":9}},"type":"if","locations":[{"start":{"line":10,"column":13},"end":{"line":15,"column":9}},{"start":{"line":13,"column":13},"end":{"line":15,"column":9}}]}},"s":{"0":1,"1":1,"2":0,"3":0,"4":0,"5":0,"6":0,"7":0,"8":0,"9":0,"10":0,"11":0,"12":1,"13":0,"14":1,"15":1,"16":1,"17":1,"18":1,"19":1,"20":0,"21":1,"22":1,"23":1,"24":0,"25":1,"26":0,"27":1},"f":{"0":0,"1":0,"2":0,"3":1,"4":1,"5":0,"6":0},"b":{"0":[0,0],"1":[0,0]}}
,"C:\\projects\\VolunteeringApp\\backend\\src\\models\\comment_model.ts": {"path":"C:\\projects\\VolunteeringApp\\backend\\src\\models\\comment_model.ts","statementMap":{"0":{"start":{"line":1,"column":0},"end":{"line":1,"column":32}},"1":{"start":{"line":3,"column":22},"end":{"line":16,"column":2}},"2":{"start":{"line":18,"column":0},"end":{"line":18,"column":56}}},"fnMap":{},"branchMap":{},"s":{"0":1,"1":1,"2":1},"f":{},"b":{}}
,"C:\\projects\\VolunteeringApp\\backend\\src\\models\\user_model.ts": {"path":"C:\\projects\\VolunteeringApp\\backend\\src\\models\\user_model.ts","statementMap":{"0":{"start":{"line":1,"column":0},"end":{"line":1,"column":32}},"1":{"start":{"line":3,"column":19},"end":{"line":11,"column":2}},"2":{"start":{"line":13,"column":0},"end":{"line":13,"column":51}}},"fnMap":{},"branchMap":{},"s":{"0":1,"1":1,"2":1},"f":{},"b":{}}
,"C:\\projects\\VolunteeringApp\\backend\\src\\routes\\comment_routes.ts": {"path":"C:\\projects\\VolunteeringApp\\backend\\src\\routes\\comment_routes.ts","statementMap":{"0":{"start":{"line":1,"column":0},"end":{"line":1,"column":30}},"1":{"start":{"line":2,"column":15},"end":{"line":2,"column":31}},"2":{"start":{"line":3,"column":0},"end":{"line":3,"column":66}},"3":{"start":{"line":5,"column":0},"end":{"line":5,"column":50}},"4":{"start":{"line":6,"column":0},"end":{"line":6,"column":47}},"5":{"start":{"line":7,"column":0},"end":{"line":7,"column":55}},"6":{"start":{"line":8,"column":0},"end":{"line":8,"column":52}},"7":{"start":{"line":11,"column":0},"end":{"line":11,"column":22}}},"fnMap":{},"branchMap":{},"s":{"0":1,"1":1,"2":1,"3":1,"4":1,"5":1,"6":1,"7":1},"f":{},"b":{}}
,"C:\\projects\\VolunteeringApp\\backend\\src\\routes\\user_route.ts": {"path":"C:\\projects\\VolunteeringApp\\backend\\src\\routes\\user_route.ts","statementMap":{"0":{"start":{"line":1,"column":0},"end":{"line":1,"column":30}},"1":{"start":{"line":2,"column":15},"end":{"line":2,"column":31}},"2":{"start":{"line":3,"column":0},"end":{"line":3,"column":50}},"3":{"start":{"line":5,"column":0},"end":{"line":5,"column":38}},"4":{"start":{"line":7,"column":0},"end":{"line":7,"column":42}},"5":{"start":{"line":9,"column":0},"end":{"line":9,"column":36}},"6":{"start":{"line":11,"column":0},"end":{"line":11,"column":42}},"7":{"start":{"line":13,"column":0},"end":{"line":13,"column":48}},"8":{"start":{"line":15,"column":0},"end":{"line":15,"column":22}}},"fnMap":{},"branchMap":{},"s":{"0":1,"1":1,"2":1,"3":1,"4":1,"5":1,"6":1,"7":1,"8":1},"f":{},"b":{}}
}
