{"C:\\projects\\VolunteeringApp\\backend\\src\\app.ts": {"path":"C:\\projects\\VolunteeringApp\\backend\\src\\app.ts","statementMap":{"0":{"start":{"line":1,"column":0},"end":{"line":1,"column":43}},"1":{"start":{"line":2,"column":0},"end":{"line":2,"column":32}},"2":{"start":{"line":3,"column":0},"end":{"line":3,"column":25}},"3":{"start":{"line":4,"column":0},"end":{"line":4,"column":37}},"4":{"start":{"line":6,"column":0},"end":{"line":6,"column":13}},"5":{"start":{"line":9,"column":0},"end":{"line":9,"column":52}},"6":{"start":{"line":10,"column":0},"end":{"line":10,"column":44}},"7":{"start":{"line":12,"column":16},"end":{"line":29,"column":1}},"8":{"start":{"line":13,"column":18},"end":{"line":27,"column":4}},"9":{"start":{"line":14,"column":15},"end":{"line":14,"column":34}},"10":{"start":{"line":15,"column":4},"end":{"line":15,"column":52}},"11":{"start":{"line":15,"column":29},"end":{"line":15,"column":50}},"12":{"start":{"line":16,"column":4},"end":{"line":16,"column":62}},"13":{"start":{"line":16,"column":26},"end":{"line":16,"column":60}},"14":{"start":{"line":17,"column":16},"end":{"line":17,"column":40}},"15":{"start":{"line":18,"column":4},"end":{"line":26,"column":null}},"16":{"start":{"line":19,"column":18},"end":{"line":19,"column":27}},"17":{"start":{"line":20,"column":6},"end":{"line":20,"column":57}},"18":{"start":{"line":21,"column":6},"end":{"line":21,"column":33}},"19":{"start":{"line":23,"column":6},"end":{"line":23,"column":null}},"20":{"start":{"line":24,"column":6},"end":{"line":24,"column":null}},"21":{"start":{"line":25,"column":6},"end":{"line":25,"column":19}},"22":{"start":{"line":28,"column":2},"end":{"line":28,"column":17}},"23":{"start":{"line":31,"column":0},"end":{"line":31,"column":23}}},"fnMap":{"0":{"name":"(anonymous_1)","decl":{"start":{"line":12,"column":16},"end":{"line":12,"column":37}},"loc":{"start":{"line":12,"column":39},"end":{"line":29,"column":1}}},"1":{"name":"(anonymous_2)","decl":{"start":{"line":13,"column":39},"end":{"line":13,"column":40}},"loc":{"start":{"line":13,"column":51},"end":{"line":27,"column":3}}},"2":{"name":"(anonymous_3)","decl":{"start":{"line":15,"column":19},"end":{"line":15,"column":24}},"loc":{"start":{"line":15,"column":27},"end":{"line":15,"column":50}}},"3":{"name":"(anonymous_4)","decl":{"start":{"line":16,"column":20},"end":{"line":16,"column":23}},"loc":{"start":{"line":16,"column":26},"end":{"line":16,"column":60}}},"4":{"name":"(anonymous_5)","decl":{"start":{"line":18,"column":32},"end":{"line":18,"column":35}},"loc":{"start":{"line":18,"column":37},"end":{"line":26,"column":5}}}},"branchMap":{},"s":{"0":2,"1":2,"2":2,"3":2,"4":2,"5":2,"6":2,"7":2,"8":2,"9":2,"10":2,"11":0,"12":2,"13":2,"14":2,"15":2,"16":2,"17":2,"18":2,"19":2,"20":2,"21":2,"22":2,"23":2},"f":{"0":2,"1":2,"2":0,"3":2,"4":2},"b":{}}
,"C:\\projects\\VolunteeringApp\\backend\\src\\controllers\\auth_controller.ts": {"path":"C:\\projects\\VolunteeringApp\\backend\\src\\controllers\\auth_controller.ts","statementMap":{"0":{"start":{"line":1,"column":0},"end":{"line":1,"column":40}},"1":{"start":{"line":2,"column":0},"end":{"line":2,"column":28}},"2":{"start":{"line":4,"column":17},"end":{"line":29,"column":null}},"3":{"start":{"line":4,"column":36},"end":{"line":29,"column":null}},"4":{"start":{"line":5,"column":4},"end":{"line":5,"column":28}},"5":{"start":{"line":7,"column":18},"end":{"line":7,"column":32}},"6":{"start":{"line":8,"column":21},"end":{"line":8,"column":38}},"7":{"start":{"line":10,"column":4},"end":{"line":12,"column":5}},"8":{"start":{"line":11,"column":8},"end":{"line":11,"column":68}},"9":{"start":{"line":16,"column":3},"end":{"line":28,"column":4}},"10":{"start":{"line":17,"column":20},"end":{"line":17,"column":58}},"11":{"start":{"line":18,"column":7},"end":{"line":20,"column":8}},"12":{"start":{"line":19,"column":8},"end":{"line":19,"column":60}},"13":{"start":{"line":21,"column":20},"end":{"line":21,"column":44}},"14":{"start":{"line":22,"column":34},"end":{"line":22,"column":67}},"15":{"start":{"line":23,"column":24},"end":{"line":23,"column":92}},"16":{"start":{"line":24,"column":8},"end":{"line":24,"column":45}},"17":{"start":{"line":27,"column":4},"end":{"line":27,"column":67}},"18":{"start":{"line":31,"column":14},"end":{"line":37,"column":null}},"19":{"start":{"line":31,"column":39},"end":{"line":37,"column":null}},"20":{"start":{"line":32,"column":4},"end":{"line":32,"column":25}},"21":{"start":{"line":33,"column":4},"end":{"line":36,"column":null}},"22":{"start":{"line":39,"column":15},"end":{"line":45,"column":null}},"23":{"start":{"line":39,"column":40},"end":{"line":45,"column":null}},"24":{"start":{"line":40,"column":4},"end":{"line":40,"column":26}},"25":{"start":{"line":41,"column":4},"end":{"line":44,"column":null}},"26":{"start":{"line":47,"column":0},"end":{"line":47,"column":42}}},"fnMap":{"0":{"name":"(anonymous_8)","decl":{"start":{"line":4,"column":17},"end":{"line":4,"column":24}},"loc":{"start":{"line":4,"column":36},"end":{"line":29,"column":null}}},"1":{"name":"(anonymous_9)","decl":{"start":{"line":4,"column":36},"end":{"line":4,"column":null}},"loc":{"start":{"line":4,"column":36},"end":{"line":29,"column":1}}},"2":{"name":"(anonymous_10)","decl":{"start":{"line":31,"column":14},"end":{"line":31,"column":21}},"loc":{"start":{"line":31,"column":39},"end":{"line":37,"column":null}}},"3":{"name":"(anonymous_11)","decl":{"start":{"line":31,"column":39},"end":{"line":31,"column":null}},"loc":{"start":{"line":31,"column":39},"end":{"line":37,"column":1}}},"4":{"name":"(anonymous_12)","decl":{"start":{"line":39,"column":15},"end":{"line":39,"column":22}},"loc":{"start":{"line":39,"column":40},"end":{"line":45,"column":null}}},"5":{"name":"(anonymous_13)","decl":{"start":{"line":39,"column":40},"end":{"line":39,"column":null}},"loc":{"start":{"line":39,"column":40},"end":{"line":45,"column":1}}}},"branchMap":{"0":{"loc":{"start":{"line":10,"column":4},"end":{"line":12,"column":5}},"type":"if","locations":[{"start":{"line":10,"column":4},"end":{"line":12,"column":5}}]},"1":{"loc":{"start":{"line":10,"column":8},"end":{"line":10,"column":41}},"type":"binary-expr","locations":[{"start":{"line":10,"column":8},"end":{"line":10,"column":21}},{"start":{"line":10,"column":25},"end":{"line":10,"column":41}}]},"2":{"loc":{"start":{"line":18,"column":7},"end":{"line":20,"column":8}},"type":"if","locations":[{"start":{"line":18,"column":7},"end":{"line":20,"column":8}}]}},"s":{"0":2,"1":2,"2":2,"3":4,"4":4,"5":4,"6":4,"7":4,"8":2,"9":2,"10":2,"11":2,"12":1,"13":1,"14":1,"15":1,"16":1,"17":0,"18":2,"19":0,"20":0,"21":0,"22":2,"23":0,"24":0,"25":0,"26":2},"f":{"0":4,"1":4,"2":0,"3":0,"4":0,"5":0},"b":{"0":[2],"1":[4,3],"2":[1]}}
,"C:\\projects\\VolunteeringApp\\backend\\src\\controllers\\comment_controller.ts": {"path":"C:\\projects\\VolunteeringApp\\backend\\src\\controllers\\comment_controller.ts","statementMap":{"0":{"start":{"line":1,"column":0},"end":{"line":1,"column":46}},"1":{"start":{"line":2,"column":0},"end":{"line":2,"column":40}},"2":{"start":{"line":12,"column":24},"end":{"line":19,"column":2}},"3":{"start":{"line":12,"column":66},"end":{"line":19,"column":2}},"4":{"start":{"line":13,"column":18},"end":{"line":13,"column":22}},"5":{"start":{"line":16,"column":17},"end":{"line":16,"column":66}},"6":{"start":{"line":17,"column":4},"end":{"line":17,"column":32}},"7":{"start":{"line":17,"column":16},"end":{"line":17,"column":32}},"8":{"start":{"line":18,"column":4},"end":{"line":18,"column":19}},"9":{"start":{"line":21,"column":19},"end":{"line":30,"column":2}},"10":{"start":{"line":21,"column":57},"end":{"line":30,"column":2}},"11":{"start":{"line":22,"column":4},"end":{"line":29,"column":5}},"12":{"start":{"line":23,"column":8},"end":{"line":23,"column":124}},"13":{"start":{"line":23,"column":57},"end":{"line":23,"column":124}},"14":{"start":{"line":24,"column":24},"end":{"line":24,"column":45}},"15":{"start":{"line":25,"column":8},"end":{"line":25,"column":29}},"16":{"start":{"line":26,"column":8},"end":{"line":26,"column":38}},"17":{"start":{"line":28,"column":8},"end":{"line":28,"column":57}},"18":{"start":{"line":32,"column":23},"end":{"line":39,"column":2}},"19":{"start":{"line":32,"column":61},"end":{"line":39,"column":2}},"20":{"start":{"line":33,"column":4},"end":{"line":37,"column":5}},"21":{"start":{"line":34,"column":8},"end":{"line":34,"column":51}},"22":{"start":{"line":36,"column":8},"end":{"line":36,"column":53}},"23":{"start":{"line":41,"column":22},"end":{"line":48,"column":2}},"24":{"start":{"line":41,"column":59},"end":{"line":48,"column":2}},"25":{"start":{"line":42,"column":4},"end":{"line":47,"column":5}},"26":{"start":{"line":43,"column":8},"end":{"line":43,"column":61}},"27":{"start":{"line":44,"column":8},"end":{"line":44,"column":53}},"28":{"start":{"line":46,"column":8},"end":{"line":46,"column":55}},"29":{"start":{"line":50,"column":20},"end":{"line":59,"column":2}},"30":{"start":{"line":50,"column":57},"end":{"line":59,"column":2}},"31":{"start":{"line":51,"column":4},"end":{"line":58,"column":5}},"32":{"start":{"line":53,"column":8},"end":{"line":54,"column":96}},"33":{"start":{"line":54,"column":12},"end":{"line":54,"column":96}},"34":{"start":{"line":55,"column":8},"end":{"line":55,"column":53}},"35":{"start":{"line":57,"column":8},"end":{"line":57,"column":55}},"36":{"start":{"line":61,"column":0},"end":{"line":61,"column":null}}},"fnMap":{"0":{"name":"(anonymous_8)","decl":{"start":{"line":12,"column":24},"end":{"line":12,"column":30}},"loc":{"start":{"line":12,"column":66},"end":{"line":19,"column":2}}},"1":{"name":"(anonymous_9)","decl":{"start":{"line":12,"column":66},"end":{"line":12,"column":null}},"loc":{"start":{"line":12,"column":66},"end":{"line":19,"column":1}}},"2":{"name":"(anonymous_10)","decl":{"start":{"line":21,"column":19},"end":{"line":21,"column":26}},"loc":{"start":{"line":21,"column":57},"end":{"line":30,"column":2}}},"3":{"name":"(anonymous_11)","decl":{"start":{"line":21,"column":57},"end":{"line":21,"column":null}},"loc":{"start":{"line":21,"column":57},"end":{"line":30,"column":1}}},"4":{"name":"(anonymous_12)","decl":{"start":{"line":32,"column":23},"end":{"line":32,"column":30}},"loc":{"start":{"line":32,"column":61},"end":{"line":39,"column":2}}},"5":{"name":"(anonymous_13)","decl":{"start":{"line":32,"column":61},"end":{"line":32,"column":null}},"loc":{"start":{"line":32,"column":61},"end":{"line":39,"column":1}}},"6":{"name":"(anonymous_14)","decl":{"start":{"line":41,"column":22},"end":{"line":41,"column":28}},"loc":{"start":{"line":41,"column":59},"end":{"line":48,"column":2}}},"7":{"name":"(anonymous_15)","decl":{"start":{"line":41,"column":59},"end":{"line":41,"column":null}},"loc":{"start":{"line":41,"column":59},"end":{"line":48,"column":1}}},"8":{"name":"(anonymous_16)","decl":{"start":{"line":50,"column":20},"end":{"line":50,"column":26}},"loc":{"start":{"line":50,"column":57},"end":{"line":59,"column":2}}},"9":{"name":"(anonymous_17)","decl":{"start":{"line":50,"column":57},"end":{"line":50,"column":null}},"loc":{"start":{"line":50,"column":57},"end":{"line":59,"column":1}}}},"branchMap":{"0":{"loc":{"start":{"line":17,"column":4},"end":{"line":17,"column":32}},"type":"if","locations":[{"start":{"line":17,"column":4},"end":{"line":17,"column":32}}]},"1":{"loc":{"start":{"line":23,"column":8},"end":{"line":23,"column":124}},"type":"if","locations":[{"start":{"line":23,"column":8},"end":{"line":23,"column":124}}]},"2":{"loc":{"start":{"line":53,"column":8},"end":{"line":54,"column":96}},"type":"if","locations":[{"start":{"line":53,"column":8},"end":{"line":54,"column":96}}]}},"s":{"0":2,"1":2,"2":2,"3":1,"4":1,"5":1,"6":1,"7":1,"8":1,"9":2,"10":1,"11":1,"12":1,"13":0,"14":1,"15":1,"16":1,"17":0,"18":2,"19":4,"20":4,"21":4,"22":0,"23":2,"24":1,"25":1,"26":1,"27":1,"28":0,"29":2,"30":1,"31":1,"32":1,"33":1,"34":1,"35":0,"36":2},"f":{"0":1,"1":1,"2":1,"3":1,"4":4,"5":4,"6":1,"7":1,"8":1,"9":1},"b":{"0":[1],"1":[0],"2":[1]}}
,"C:\\projects\\VolunteeringApp\\backend\\src\\models\\comment_model.ts": {"path":"C:\\projects\\VolunteeringApp\\backend\\src\\models\\comment_model.ts","statementMap":{"0":{"start":{"line":1,"column":0},"end":{"line":1,"column":32}},"1":{"start":{"line":3,"column":22},"end":{"line":16,"column":2}},"2":{"start":{"line":18,"column":0},"end":{"line":18,"column":56}}},"fnMap":{},"branchMap":{},"s":{"0":2,"1":2,"2":2},"f":{},"b":{}}
,"C:\\projects\\VolunteeringApp\\backend\\src\\models\\user_model.ts": {"path":"C:\\projects\\VolunteeringApp\\backend\\src\\models\\user_model.ts","statementMap":{"0":{"start":{"line":1,"column":0},"end":{"line":1,"column":32}},"1":{"start":{"line":3,"column":19},"end":{"line":12,"column":2}},"2":{"start":{"line":14,"column":0},"end":{"line":14,"column":51}}},"fnMap":{},"branchMap":{},"s":{"0":2,"1":2,"2":2},"f":{},"b":{}}
,"C:\\projects\\VolunteeringApp\\backend\\src\\routes\\auth_route.ts": {"path":"C:\\projects\\VolunteeringApp\\backend\\src\\routes\\auth_route.ts","statementMap":{"0":{"start":{"line":1,"column":0},"end":{"line":1,"column":30}},"1":{"start":{"line":2,"column":15},"end":{"line":2,"column":31}},"2":{"start":{"line":3,"column":0},"end":{"line":3,"column":50}},"3":{"start":{"line":5,"column":0},"end":{"line":5,"column":40}},"4":{"start":{"line":7,"column":0},"end":{"line":7,"column":34}},"5":{"start":{"line":9,"column":0},"end":{"line":9,"column":36}},"6":{"start":{"line":11,"column":0},"end":{"line":11,"column":22}}},"fnMap":{},"branchMap":{},"s":{"0":2,"1":2,"2":2,"3":2,"4":2,"5":2,"6":2},"f":{},"b":{}}
,"C:\\projects\\VolunteeringApp\\backend\\src\\routes\\comment_routes.ts": {"path":"C:\\projects\\VolunteeringApp\\backend\\src\\routes\\comment_routes.ts","statementMap":{"0":{"start":{"line":1,"column":0},"end":{"line":1,"column":30}},"1":{"start":{"line":2,"column":15},"end":{"line":2,"column":31}},"2":{"start":{"line":3,"column":0},"end":{"line":3,"column":66}},"3":{"start":{"line":5,"column":0},"end":{"line":5,"column":50}},"4":{"start":{"line":6,"column":0},"end":{"line":6,"column":47}},"5":{"start":{"line":7,"column":0},"end":{"line":7,"column":55}},"6":{"start":{"line":8,"column":0},"end":{"line":8,"column":52}},"7":{"start":{"line":11,"column":0},"end":{"line":11,"column":22}}},"fnMap":{},"branchMap":{},"s":{"0":2,"1":2,"2":2,"3":2,"4":2,"5":2,"6":2,"7":2},"f":{},"b":{}}
}
