TN:
SF:src\app.ts
FN:12,(anonymous_1)
FN:13,(anonymous_2)
FN:15,(anonymous_3)
FN:16,(anonymous_4)
FN:18,(anonymous_5)
FNF:5
FNH:4
FNDA:2,(anonymous_1)
FNDA:2,(anonymous_2)
FNDA:0,(anonymous_3)
FNDA:2,(anonymous_4)
FNDA:2,(anonymous_5)
DA:1,2
DA:2,2
DA:3,2
DA:4,2
DA:6,2
DA:9,2
DA:10,2
DA:12,2
DA:13,2
DA:14,2
DA:15,2
DA:16,2
DA:17,2
DA:18,2
DA:19,2
DA:20,2
DA:21,2
DA:23,2
DA:24,2
DA:25,2
DA:28,2
DA:31,2
LF:22
LH:22
BRF:0
BRH:0
end_of_record
TN:
SF:src\controllers\auth_controller.ts
FN:4,(anonymous_8)
FN:4,(anonymous_9)
FN:31,(anonymous_10)
FN:31,(anonymous_11)
FN:39,(anonymous_12)
FN:39,(anonymous_13)
FNF:6
FNH:2
FNDA:4,(anonymous_8)
FNDA:4,(anonymous_9)
FNDA:0,(anonymous_10)
FNDA:0,(anonymous_11)
FNDA:0,(anonymous_12)
FNDA:0,(anonymous_13)
DA:1,2
DA:2,2
DA:4,4
DA:5,4
DA:7,4
DA:8,4
DA:10,4
DA:11,2
DA:16,2
DA:17,2
DA:18,2
DA:19,1
DA:21,1
DA:22,1
DA:23,1
DA:24,1
DA:27,0
DA:31,2
DA:32,0
DA:33,0
DA:39,2
DA:40,0
DA:41,0
DA:47,2
LF:24
LH:19
BRDA:10,0,0,2
BRDA:10,1,0,4
BRDA:10,1,1,3
BRDA:18,2,0,1
BRF:4
BRH:4
end_of_record
TN:
SF:src\controllers\comment_controller.ts
FN:12,(anonymous_8)
FN:12,(anonymous_9)
FN:21,(anonymous_10)
FN:21,(anonymous_11)
FN:32,(anonymous_12)
FN:32,(anonymous_13)
FN:41,(anonymous_14)
FN:41,(anonymous_15)
FN:50,(anonymous_16)
FN:50,(anonymous_17)
FNF:10
FNH:10
FNDA:1,(anonymous_8)
FNDA:1,(anonymous_9)
FNDA:1,(anonymous_10)
FNDA:1,(anonymous_11)
FNDA:4,(anonymous_12)
FNDA:4,(anonymous_13)
FNDA:1,(anonymous_14)
FNDA:1,(anonymous_15)
FNDA:1,(anonymous_16)
FNDA:1,(anonymous_17)
DA:1,2
DA:2,2
DA:12,2
DA:13,1
DA:16,1
DA:17,1
DA:18,1
DA:21,2
DA:22,1
DA:23,1
DA:24,1
DA:25,1
DA:26,1
DA:28,0
DA:32,4
DA:33,4
DA:34,4
DA:36,0
DA:41,2
DA:42,1
DA:43,1
DA:44,1
DA:46,0
DA:50,2
DA:51,1
DA:53,1
DA:54,1
DA:55,1
DA:57,0
DA:61,2
LF:30
LH:26
BRDA:17,0,0,1
BRDA:23,1,0,0
BRDA:53,2,0,1
BRF:3
BRH:2
end_of_record
TN:
SF:src\models\comment_model.ts
FNF:0
FNH:0
DA:1,2
DA:3,2
DA:18,2
LF:3
LH:3
BRF:0
BRH:0
end_of_record
TN:
SF:src\models\user_model.ts
FNF:0
FNH:0
DA:1,2
DA:3,2
DA:14,2
LF:3
LH:3
BRF:0
BRH:0
end_of_record
TN:
SF:src\routes\auth_route.ts
FNF:0
FNH:0
DA:1,2
DA:2,2
DA:3,2
DA:5,2
DA:7,2
DA:9,2
DA:11,2
LF:7
LH:7
BRF:0
BRH:0
end_of_record
TN:
SF:src\routes\comment_routes.ts
FNF:0
FNH:0
DA:1,2
DA:2,2
DA:3,2
DA:5,2
DA:6,2
DA:7,2
DA:8,2
DA:11,2
LF:8
LH:8
BRF:0
BRH:0
end_of_record
