TN:
SF:src/app.ts
FN:12,(anonymous_1)
FN:13,(anonymous_2)
FN:15,(anonymous_3)
FN:16,(anonymous_4)
FN:18,(anonymous_5)
FNF:5
FNH:4
FNDA:3,(anonymous_1)
FNDA:3,(anonymous_2)
FNDA:0,(anonymous_3)
FNDA:3,(anonymous_4)
FNDA:3,(anonymous_5)
DA:1,3
DA:2,3
DA:3,3
DA:4,3
DA:6,3
DA:8,3
DA:9,3
DA:10,3
DA:12,3
DA:13,3
DA:14,3
DA:15,3
DA:16,3
DA:17,3
DA:18,3
DA:19,3
DA:20,3
DA:21,3
DA:22,3
DA:23,3
DA:24,3
DA:25,3
DA:28,3
DA:31,3
LF:24
LH:24
BRF:0
BRH:0
end_of_record
TN:
SF:src/common/auth_middleware.ts
FN:11,(anonymous_1)
FN:16,(anonymous_2)
FNF:2
FNH:2
FNDA:21,(anonymous_1)
FNDA:19,(anonymous_2)
DA:2,3
DA:11,3
DA:12,21
DA:13,21
DA:14,21
DA:16,19
DA:17,19
DA:18,19
DA:19,17
DA:20,17
DA:24,3
LF:11
LH:11
BRDA:13,0,0,21
BRDA:13,0,1,19
BRDA:14,1,0,2
BRDA:18,2,0,2
BRF:4
BRH:4
end_of_record
TN:
SF:src/controllers/auth_controller.ts
FN:6,(anonymous_8)
FN:6,(anonymous_9)
FN:32,(anonymous_10)
FN:32,(anonymous_11)
FN:73,(anonymous_12)
FN:73,(anonymous_13)
FN:77,(anonymous_14)
FN:77,(anonymous_15)
FN:91,(anonymous_16)
FN:104,(anonymous_17)
FN:104,(anonymous_18)
FN:108,(anonymous_19)
FN:108,(anonymous_20)
FN:118,(anonymous_21)
FNF:14
FNH:13
FNDA:6,(anonymous_8)
FNDA:6,(anonymous_9)
FNDA:3,(anonymous_10)
FNDA:3,(anonymous_11)
FNDA:3,(anonymous_12)
FNDA:3,(anonymous_13)
FNDA:3,(anonymous_14)
FNDA:3,(anonymous_15)
FNDA:1,(anonymous_16)
FNDA:1,(anonymous_17)
FNDA:1,(anonymous_18)
FNDA:1,(anonymous_19)
FNDA:1,(anonymous_20)
FNDA:0,(anonymous_21)
DA:1,3
DA:2,3
DA:3,3
DA:6,6
DA:9,6
DA:10,6
DA:12,6
DA:13,2
DA:17,4
DA:18,4
DA:19,4
DA:20,1
DA:22,3
DA:23,3
DA:24,3
DA:25,3
DA:28,0
DA:32,3
DA:33,3
DA:34,3
DA:35,3
DA:37,3
DA:38,0
DA:41,3
DA:42,3
DA:43,3
DA:44,0
DA:47,3
DA:48,3
DA:49,0
DA:51,3
DA:55,3
DA:57,3
DA:58,0
DA:60,3
DA:62,3
DA:64,3
DA:69,0
DA:73,3
DA:74,3
DA:75,3
DA:76,3
DA:77,3
DA:78,3
DA:79,0
DA:80,0
DA:82,3
DA:83,3
DA:84,3
DA:85,2
DA:86,2
DA:87,2
DA:89,1
DA:90,1
DA:91,1
DA:92,1
DA:93,1
DA:94,1
DA:99,0
DA:104,3
DA:105,1
DA:106,1
DA:107,1
DA:108,1
DA:109,1
DA:110,1
DA:111,1
DA:112,1
DA:113,1
DA:114,1
DA:115,1
DA:116,1
DA:118,0
DA:119,0
DA:120,0
DA:123,0
DA:128,3
LF:77
LH:64
BRDA:12,0,0,2
BRDA:12,1,0,6
BRDA:12,1,1,5
BRDA:19,2,0,1
BRDA:37,3,0,0
BRDA:37,4,0,3
BRDA:37,4,1,3
BRDA:43,5,0,0
BRDA:48,6,0,0
BRDA:57,7,0,0
BRDA:57,7,1,3
BRDA:75,8,0,3
BRDA:75,8,1,3
BRDA:76,9,0,0
BRDA:78,10,0,0
BRDA:84,11,0,2
BRDA:84,12,0,3
BRDA:84,12,1,3
BRDA:106,13,0,1
BRDA:106,13,1,1
BRDA:107,14,0,0
BRDA:110,15,0,0
BRDA:113,16,0,1
BRDA:113,16,1,0
BRDA:113,17,0,1
BRDA:113,17,1,1
BRF:26
BRH:17
end_of_record
TN:
SF:src/controllers/comment_controller.ts
FN:13,(anonymous_8)
FN:13,(anonymous_9)
FN:22,(anonymous_10)
FN:22,(anonymous_11)
FN:33,(anonymous_12)
FN:33,(anonymous_13)
FN:42,(anonymous_14)
FN:42,(anonymous_15)
FN:51,(anonymous_16)
FN:51,(anonymous_17)
FNF:10
FNH:10
FNDA:1,(anonymous_8)
FNDA:1,(anonymous_9)
FNDA:1,(anonymous_10)
FNDA:1,(anonymous_11)
FNDA:6,(anonymous_12)
FNDA:6,(anonymous_13)
FNDA:1,(anonymous_14)
FNDA:1,(anonymous_15)
FNDA:1,(anonymous_16)
FNDA:1,(anonymous_17)
DA:2,3
DA:3,3
DA:13,3
DA:14,1
DA:17,1
DA:18,1
DA:19,1
DA:22,3
DA:23,1
DA:24,1
DA:25,1
DA:26,1
DA:27,1
DA:29,0
DA:33,6
DA:34,6
DA:35,6
DA:37,0
DA:42,3
DA:43,1
DA:44,1
DA:45,1
DA:47,0
DA:51,3
DA:52,1
DA:54,1
DA:55,1
DA:56,1
DA:58,0
DA:62,3
LF:30
LH:26
BRDA:18,0,0,1
BRDA:24,1,0,0
BRDA:54,2,0,1
BRF:3
BRH:2
end_of_record
TN:
SF:src/controllers/user_controller.ts
FN:7,(anonymous_8)
FN:7,(anonymous_9)
FN:26,(anonymous_10)
FN:26,(anonymous_11)
FN:35,(anonymous_12)
FN:35,(anonymous_13)
FN:49,(anonymous_14)
FN:49,(anonymous_15)
FNF:8
FNH:8
FNDA:5,(anonymous_8)
FNDA:5,(anonymous_9)
FNDA:1,(anonymous_10)
FNDA:1,(anonymous_11)
FNDA:1,(anonymous_12)
FNDA:1,(anonymous_13)
FNDA:1,(anonymous_14)
FNDA:1,(anonymous_15)
DA:1,3
DA:7,5
DA:8,5
DA:10,5
DA:11,0
DA:13,5
DA:14,0
DA:17,5
DA:19,5
DA:21,0
DA:26,3
DA:27,1
DA:28,1
DA:29,1
DA:31,0
DA:35,3
DA:36,1
DA:38,1
DA:39,1
DA:42,1
DA:45,0
DA:49,3
DA:50,1
DA:51,1
DA:52,1
DA:53,1
DA:55,0
DA:59,3
LF:28
LH:22
BRDA:10,0,0,0
BRDA:10,0,1,5
BRDA:13,1,0,0
BRDA:13,1,1,5
BRDA:38,2,0,1
BRF:5
BRH:3
end_of_record
TN:
SF:src/models/comment_model.ts
FNF:0
FNH:0
DA:1,3
DA:3,3
DA:18,3
LF:3
LH:3
BRF:0
BRH:0
end_of_record
TN:
SF:src/models/user_model.ts
FNF:0
FNH:0
DA:1,3
DA:10,3
DA:26,3
LF:3
LH:3
BRF:0
BRH:0
end_of_record
TN:
SF:src/routes/auth_route.ts
FNF:0
FNH:0
DA:1,3
DA:2,3
DA:3,3
DA:5,3
DA:6,3
DA:7,3
DA:8,3
DA:10,3
LF:8
LH:8
BRF:0
BRH:0
end_of_record
TN:
SF:src/routes/comment_routes.ts
FNF:0
FNH:0
DA:1,3
DA:2,3
DA:3,3
DA:4,3
DA:6,3
DA:7,3
DA:8,3
DA:9,3
DA:12,3
LF:9
LH:9
BRF:0
BRH:0
end_of_record
TN:
SF:src/routes/user_route.ts
FNF:0
FNH:0
DA:1,3
DA:2,3
DA:3,3
DA:4,3
DA:6,3
DA:7,3
DA:8,3
DA:9,3
DA:11,3
LF:9
LH:9
BRF:0
BRH:0
end_of_record
